#
# There is insufficient memory for the Java Runtime Environment to continue.
# Native memory allocation (mmap) failed to map 134217728 bytes for G1 virtual space
# Possible reasons:
#   The system is out of physical RAM or swap space
#   The process is running with CompressedOops enabled, and the Java Heap may be blocking the growth of the native heap
# Possible solutions:
#   Reduce memory load on the system
#   Increase physical memory or swap space
#   Check if swap backing store is full
#   Decrease Java heap size (-Xmx/-Xms)
#   Decrease number of Java threads
#   Decrease Java thread stack sizes (-Xss)
#   Set larger code cache with -XX:ReservedCodeCacheSize=
#   JVM is running with Unscaled Compressed Oops mode in which the Java heap is
#     placed in the first 4GB address space. The Java Heap base address is the
#     maximum limit for the native heap growth. Please use -XX:HeapBaseMinAddress
#     to set the Java Heap base and to place the Java Heap above 4GB virtual address.
# This output file may be truncated or incomplete.
#
#  Out of Memory Error (os_windows.cpp:3528), pid=14856, tid=9912
#
# JRE version:  (20.0.1+9) (build )
# Java VM: Java HotSpot(TM) 64-Bit Server VM (20.0.1+9-29, mixed mode, sharing, tiered, compressed oops, compressed class ptrs, g1 gc, windows-amd64)
# No core dump will be written. Minidumps are not enabled by default on client versions of Windows
#

---------------  S U M M A R Y ------------

Command Line: -XX:+ShowCodeDetailsInExceptionMessages crawler.WebCrawlerWithDepth

Host: Intel(R) Core(TM) i5-7440HQ CPU @ 2.80GHz, 4 cores, 7G,  Windows 10 , 64 bit Build 19041 (10.0.19041.3636)
Time: Sat May 18 12:31:38 2024 Egypt Daylight Time elapsed time: 0.016919 seconds (0d 0h 0m 0s)

---------------  T H R E A D  ---------------

Current thread (0x00000205c04ae9b0):  JavaThread "Unknown thread" [_thread_in_vm, id=9912, stack(0x000000173c000000,0x000000173c100000)]

Stack: [0x000000173c000000,0x000000173c100000]
Native frames: (J=compiled Java code, j=interpreted, Vv=VM code, C=native code)
V  [jvm.dll+0x6bb95a]
V  [jvm.dll+0x8485fa]
V  [jvm.dll+0x84a1f5]
V  [jvm.dll+0x84a8f3]
V  [jvm.dll+0x280b0f]
V  [jvm.dll+0x6b86e9]
V  [jvm.dll+0x6ad2da]
V  [jvm.dll+0x35adf5]
V  [jvm.dll+0x363016]
V  [jvm.dll+0x3b3b3e]
V  [jvm.dll+0x3b3dc5]
V  [jvm.dll+0x32b50a]
V  [jvm.dll+0x32c32b]
V  [jvm.dll+0x8112bf]
V  [jvm.dll+0x3c0d91]
V  [jvm.dll+0x7fcfe3]
V  [jvm.dll+0x44c76f]
V  [jvm.dll+0x44e0e1]
C  [jli.dll+0x5287]
C  [ucrtbase.dll+0x21bb2]
C  [KERNEL32.DLL+0x17344]
C  [ntdll.dll+0x526b1]


---------------  P R O C E S S  ---------------

Threads class SMR info:
_java_thread_list=0x00007fffe7b3a098, length=0, elements={
}

Java Threads: ( => current thread )

Other Threads:
  0x00000205c263ff90 WorkerThread "GC Thread#0" [stack: 0x000000173c100000,0x000000173c200000] [id=7440]
  0x00000205c2651cd0 ConcurrentGCThread "G1 Main Marker" [stack: 0x000000173c200000,0x000000173c300000] [id=7448]
  0x00000205c2652700 WorkerThread "G1 Conc#0" [stack: 0x000000173c300000,0x000000173c400000] [id=16640]

[error occurred during error reporting (printing all threads), id 0xc0000005, EXCEPTION_ACCESS_VIOLATION (0xc0000005) at pc=0x00007fffe731eb47]
VM state: not at safepoint (not fully initialized)

VM Mutex/Monitor currently owned by a thread:  ([mutex/lock_event])
[0x00000205c25e0100] Heap_lock - owner thread: 0x00000205c04ae9b0

Heap address: 0x0000000081c00000, size: 2020 MB, Compressed Oops mode: 32-bit

CDS archive(s) mapped at: [0x0000000000000000-0x0000000000000000-0x0000000000000000), size 0, SharedBaseAddress: 0x0000000800000000, ArchiveRelocationMode: 0.
Narrow klass base: 0x0000000000000000, Narrow klass shift: 0, Narrow klass range: 0x0

GC Precious Log:
 CardTable entry size: 512
 Card Set container configuration: InlinePtr #cards 5 size 8 Array Of Cards #cards 12 size 40 Howl #buckets 4 coarsen threshold 1843 Howl Bitmap #cards 512 size 80 coarsen threshold 460 Card regions per heap region 1 cards per card region 2048

Heap:
 garbage-first heap   total 0K, used 0K [0x0000000081c00000, 0x0000000100000000)
  region size 1024K, 0 young (0K), 0 survivors (0K)

[error occurred during error reporting (printing heap information), id 0xc0000005, EXCEPTION_ACCESS_VIOLATION (0xc0000005) at pc=0x00007fffe76f3c59]
GC Heap History (0 events):
No events

Dll operation events (1 events):
Event: 0.008 Loaded shared library C:\Program Files\Java\jdk-20\bin\java.dll

Deoptimization events (0 events):
No events

Classes loaded (0 events):
No events

Classes unloaded (0 events):
No events

Classes redefined (0 events):
No events

Internal exceptions (0 events):
No events

VM Operations (0 events):
No events

Events (0 events):
No events


Dynamic libraries:
0x00007ff6dab90000 - 0x00007ff6daba0000 	C:\Program Files\Java\jdk-20\bin\java.exe
0x00007ff853050000 - 0x00007ff853248000 	C:\Windows\SYSTEM32\ntdll.dll
0x00007ff852b70000 - 0x00007ff852c2d000 	C:\Windows\System32\KERNEL32.DLL
0x00007ff850b50000 - 0x00007ff850e46000 	C:\Windows\System32\KERNELBASE.dll
0x00007ff850900000 - 0x00007ff850a00000 	C:\Windows\System32\ucrtbase.dll
0x00007ff83bb80000 - 0x00007ff83bb9b000 	C:\Program Files\Java\jdk-20\bin\VCRUNTIME140.dll
0x00007ff83c6e0000 - 0x00007ff83c6f9000 	C:\Program Files\Java\jdk-20\bin\jli.dll
0x00007ff852a80000 - 0x00007ff852b30000 	C:\Windows\System32\ADVAPI32.dll
0x00007ff851190000 - 0x00007ff85122e000 	C:\Windows\System32\msvcrt.dll
0x00007ff852110000 - 0x00007ff8521b0000 	C:\Windows\System32\sechost.dll
0x00007ff851c80000 - 0x00007ff851da3000 	C:\Windows\System32\RPCRT4.dll
0x00007ff850e50000 - 0x00007ff850e77000 	C:\Windows\System32\bcrypt.dll
0x00007ff851340000 - 0x00007ff8514df000 	C:\Windows\System32\USER32.dll
0x00007ff8508d0000 - 0x00007ff8508f2000 	C:\Windows\System32\win32u.dll
0x00007ff852b40000 - 0x00007ff852b6b000 	C:\Windows\System32\GDI32.dll
0x00007ff850f60000 - 0x00007ff851077000 	C:\Windows\System32\gdi32full.dll
0x00007ff850ab0000 - 0x00007ff850b4d000 	C:\Windows\System32\msvcp_win.dll
0x00007ff83be10000 - 0x00007ff83c0aa000 	C:\Windows\WinSxS\amd64_microsoft.windows.common-controls_6595b64144ccf1df_6.0.19041.4355_none_60b8b9eb71f62e16\COMCTL32.dll
0x00007ff846100000 - 0x00007ff84610a000 	C:\Windows\SYSTEM32\VERSION.dll
0x00007ff852e50000 - 0x00007ff852e82000 	C:\Windows\System32\IMM32.DLL
0x00007ff83d680000 - 0x00007ff83d68c000 	C:\Program Files\Java\jdk-20\bin\vcruntime140_1.dll
0x00007ff805f40000 - 0x00007ff805fce000 	C:\Program Files\Java\jdk-20\bin\msvcp140.dll
0x00007fffe6fe0000 - 0x00007fffe7c77000 	C:\Program Files\Java\jdk-20\bin\server\jvm.dll
0x00007ff849f80000 - 0x00007ff849f89000 	C:\Windows\SYSTEM32\WSOCK32.dll
0x00007ff852de0000 - 0x00007ff852e4b000 	C:\Windows\System32\WS2_32.dll
0x00007ff834950000 - 0x00007ff834977000 	C:\Windows\SYSTEM32\WINMM.dll
0x00007ff84ef10000 - 0x00007ff84ef22000 	C:\Windows\SYSTEM32\kernel.appcore.dll
0x00007ff83d620000 - 0x00007ff83d62a000 	C:\Program Files\Java\jdk-20\bin\jimage.dll
0x00007ff84be40000 - 0x00007ff84c024000 	C:\Windows\SYSTEM32\DBGHELP.DLL
0x00007ff82dd50000 - 0x00007ff82dd84000 	C:\Windows\SYSTEM32\dbgcore.DLL
0x00007ff850e80000 - 0x00007ff850f02000 	C:\Windows\System32\bcryptPrimitives.dll
0x00007ff835c60000 - 0x00007ff835c86000 	C:\Program Files\Java\jdk-20\bin\java.dll

dbghelp: loaded successfully - version: 4.0.5 - missing functions: none
symbol engine: initialized successfully - sym options: 0x614 - pdb path: .;C:\Program Files\Java\jdk-20\bin;C:\Windows\SYSTEM32;C:\Windows\WinSxS\amd64_microsoft.windows.common-controls_6595b64144ccf1df_6.0.19041.4355_none_60b8b9eb71f62e16;C:\Program Files\Java\jdk-20\bin\server

VM Arguments:
jvm_args: -XX:+ShowCodeDetailsInExceptionMessages 
java_command: crawler.WebCrawlerWithDepth
java_class_path (initial): C:\Users\iTECH\AppData\Roaming\Code\User\workspaceStorage\2a1ab6cafbbf04cf9ceba813fd2ada22\redhat.java\jdt_ws\is322_HW_3_3808bf7a\bin;c:\Users\iTECH\Downloads\jsoup-1.17.2.jar
Launcher Type: SUN_STANDARD

[Global flags]
     intx CICompilerCount                          = 3                                         {product} {ergonomic}
     uint ConcGCThreads                            = 1                                         {product} {ergonomic}
     uint G1ConcRefinementThreads                  = 4                                         {product} {ergonomic}
   size_t G1HeapRegionSize                         = 1048576                                   {product} {ergonomic}
    uintx GCDrainStackTargetSize                   = 64                                        {product} {ergonomic}
   size_t InitialHeapSize                          = 134217728                                 {product} {ergonomic}
   size_t MarkStackSize                            = 4194304                                   {product} {ergonomic}
   size_t MaxHeapSize                              = 2118123520                                {product} {ergonomic}
   size_t MinHeapDeltaBytes                        = 1048576                                   {product} {ergonomic}
   size_t MinHeapSize                              = 8388608                                   {product} {ergonomic}
    uintx NonNMethodCodeHeapSize                   = 5832780                                {pd product} {ergonomic}
    uintx NonProfiledCodeHeapSize                  = 122912730                              {pd product} {ergonomic}
    uintx ProfiledCodeHeapSize                     = 122912730                              {pd product} {ergonomic}
    uintx ReservedCodeCacheSize                    = 251658240                              {pd product} {ergonomic}
     bool SegmentedCodeCache                       = true                                      {product} {ergonomic}
     bool ShowCodeDetailsInExceptionMessages       = true                                   {manageable} {command line}
   size_t SoftMaxHeapSize                          = 2118123520                             {manageable} {ergonomic}
     bool UseCompressedClassPointers               = true                           {product lp64_product} {ergonomic}
     bool UseCompressedOops                        = true                           {product lp64_product} {ergonomic}
     bool UseG1GC                                  = true                                      {product} {ergonomic}
     bool UseLargePagesIndividualAllocation        = false                                  {pd product} {ergonomic}

Logging:
Log output configuration:
 #0: stdout all=warning uptime,level,tags foldmultilines=false
 #1: stderr all=off uptime,level,tags foldmultilines=false

Environment Variables:
PATH=C:\MinGW\bin;C:\Program Files\Common Files\Oracle\Java\javapath;C:\Program Files (x86)\Common Files\Oracle\Java\javapath;C:\Program Files\Scripts\;C:\Program Files\;C:\Windows\system32;C:\Windows;C:\Windows\System32\Wbem;C:\Windows\System32\WindowsPowerShell\v1.0\;C:\Windows\System32\OpenSSH\;C:\Program Files (x86)\Microsoft SQL Server\160\Tools\Binn\;C:\Program Files\Microsoft SQL Server\160\Tools\Binn\;C:\Program Files\Microsoft SQL Server\Client SDK\ODBC\170\Tools\Binn\;C:\Program Files\Microsoft SQL Server\160\DTS\Binn\;C:\Program Files (x86)\Microsoft SQL Server\160\DTS\Binn\;C:\Program Files (x86)\nodejs\;C:\ProgramData\chocolatey\bin;C:\Program Files\dotnet\;C:\Program Files\Git\cmd;C:\Program Files\swipl\bin;C:\Program Files\Microsoft SQL Server\130\Tools\Binn\;C:\Program Files (x86)\Microsoft SQL Server\110\DTS\Binn\;C:\Program Files (x86)\Microsoft SQL Server\120\DTS\Binn\;C:\Program Files (x86)\Microsoft SQL Server\130\DTS\Binn\;C:\Program Files (x86)\Microsoft SQL Server\140\DTS\Binn\;C:\Program Files (x86)\Microsoft SQL Server\150\DTS\Binn\;C:\xampp\php;C:\ProgramData\ComposerSetup\bin;C:\Users\iTECH\AppData\Local\Microsoft\WindowsApps;C:\Users\iTECH\AppData\Local\Programs\Microsoft VS Code\bin;C:\Program Files\Azure Data Studio\bin;C:\Users\iTECH\AppData\Roaming\npm;C:\Users\iTECH\AppData\Roaming\Composer\vendor\bin;C:\php-8.3.7;
USERNAME=iTECH
LANG=en_US.UTF-8
OS=Windows_NT
PROCESSOR_IDENTIFIER=Intel64 Family 6 Model 158 Stepping 9, GenuineIntel
TMP=C:\Users\iTECH\AppData\Local\Temp
TEMP=C:\Users\iTECH\AppData\Local\Temp




---------------  S Y S T E M  ---------------

OS:
 Windows 10 , 64 bit Build 19041 (10.0.19041.3636)
OS uptime: 0 days 16:36 hours

CPU: total 4 (initial active 4) (4 cores per cpu, 1 threads per core) family 6 model 158 stepping 9 microcode 0xf4, cx8, cmov, fxsr, mmx, 3dnowpref, sse, sse2, sse3, ssse3, sse4.1, sse4.2, popcnt, lzcnt, tsc, tscinvbit, avx, avx2, aes, erms, clmul, bmi1, bmi2, rtm, adx, fma, vzeroupper, clflush, clflushopt, rdtscp, f16c

Memory: 4k page, system-wide physical 8072M (1555M free)
TotalPageFile size 11960M (AvailPageFile size 120M)
current process WorkingSet (physical memory assigned to process): 10M, peak: 10M
current process commit charge ("private bytes"): 52M, peak: 179M

vm_info: Java HotSpot(TM) 64-Bit Server VM (20.0.1+9-29) for windows-amd64 JRE (20.0.1+9-29), built on 2023-03-07T13:56:11Z by "mach5one" with MS VC++ 17.1 (VS2022)

END.
